Build started 10/28/2015 11:07:09 AM.
     1>Project "D:\Quoc\Master\OOP\LamQuenOOP\QuanLySinhVienVer2\QuanLySinhVienVer2.vcxproj" on node 4 (Build target(s)).
     1>ClCompile:
         C:\Program Files (x86)\Microsoft Visual Studio 11.0\VC\bin\CL.exe /c /ZI /nologo /W3 /WX- /Od /Oy- /D _MBCS /Gm /EHsc /RTC1 /MDd /GS /fp:precise /Zc:wchar_t /Zc:forScope /Fo"Debug\\" /Fd"Debug\vc110.pdb" /Gd /TP /analyze- /errorReport:prompt Main.cpp Ngay.cpp SinhVien.cpp
         SinhVien.cpp
     1>d:\quoc\master\oop\lamquenoop\quanlysinhvienver2\sinhvien.cpp(22): warning C4244: '=' : conversion from 'double' to 'float', possible loss of data
     1>d:\quoc\master\oop\lamquenoop\quanlysinhvienver2\sinhvien.cpp(37): warning C4244: '=' : conversion from 'double' to 'float', possible loss of data
     1>d:\quoc\master\oop\lamquenoop\quanlysinhvienver2\sinhvien.cpp(57): warning C4244: 'initializing' : conversion from 'double' to 'float', possible loss of data
     1>d:\quoc\master\oop\lamquenoop\quanlysinhvienver2\sinhvien.cpp(58): warning C4244: 'initializing' : conversion from 'double' to 'float', possible loss of data
         Ngay.cpp
         Main.cpp
         Generating Code...
       Link:
         C:\Program Files (x86)\Microsoft Visual Studio 11.0\VC\bin\link.exe /ERRORREPORT:PROMPT /OUT:"D:\Quoc\Master\OOP\LamQuenOOP\Debug\QuanLySinhVienVer2.exe" /INCREMENTAL /NOLOGO kernel32.lib user32.lib gdi32.lib winspool.lib comdlg32.lib advapi32.lib shell32.lib ole32.lib oleaut32.lib uuid.lib odbc32.lib odbccp32.lib /MANIFEST /MANIFESTUAC:"level='asInvoker' uiAccess='false'" /manifest:embed /DEBUG /PDB:"D:\Quoc\Master\OOP\LamQuenOOP\Debug\QuanLySinhVienVer2.pdb" /TLBID:1 /DYNAMICBASE /NXCOMPAT /IMPLIB:"D:\Quoc\Master\OOP\LamQuenOOP\Debug\QuanLySinhVienVer2.lib" /MACHINE:X86 Debug\Main.obj
         Debug\Ngay.obj
         Debug\SinhVien.obj
         LINK : D:\Quoc\Master\OOP\LamQuenOOP\Debug\QuanLySinhVienVer2.exe not found or not built by the last incremental link; performing full link
         QuanLySinhVienVer2.vcxproj -> D:\Quoc\Master\OOP\LamQuenOOP\Debug\QuanLySinhVienVer2.exe
     1>Done Building Project "D:\Quoc\Master\OOP\LamQuenOOP\QuanLySinhVienVer2\QuanLySinhVienVer2.vcxproj" (Build target(s)).

Build succeeded.

Time Elapsed 00:00:04.16
